# JRE version: OpenJDK Runtime Environment (8.0_275-b01) (build 1.8.0_275-8u275-b01-0ubuntu1~18.04-b01)
# Java VM: OpenJDK 64-Bit Server VM (25.275-b01 mixed mode linux-amd64 compressed oops)
Heap:
 PSYoungGen      total 410624K, used 96K [0x00000000d6f80000, 0x00000000f0580000, 0x0000000100000000)
  eden space 405504K, 0% used [0x00000000d6f80000,0x00000000d6f80000,0x00000000efb80000)
  from space 5120K, 1% used [0x00000000efb80000,0x00000000efb98000,0x00000000f0080000)
  to   space 5120K, 0% used [0x00000000f0080000,0x00000000f0080000,0x00000000f0580000)
 ParOldGen       total 84992K, used 2200K [0x0000000084e00000, 0x000000008a100000, 0x00000000d6f80000)
  object space 84992K, 2% used [0x0000000084e00000,0x00000000850260c0,0x000000008a100000)
 Metaspace       used 12673K, capacity 12934K, committed 13056K, reserved 1060864K
  class space    used 1447K, capacity 1526K, committed 1536K, reserved 1048576K
GC Heap History (10 events):
Event: 7.019 GC heap after
Heap after GC invocations=6 (full 0):
 PSYoungGen      total 131584K, used 2128K [0x00000000d6f80000, 0x00000000df480000, 0x0000000100000000)
  eden space 126976K, 0% used [0x00000000d6f80000,0x00000000d6f80000,0x00000000deb80000)
  from space 4608K, 46% used [0x00000000df000000,0x00000000df214030,0x00000000df480000)
  to   space 4608K, 0% used [0x00000000deb80000,0x00000000deb80000,0x00000000df000000)
 ParOldGen       total 84992K, used 48K [0x0000000084e00000, 0x000000008a100000, 0x00000000d6f80000)
  object space 84992K, 0% used [0x0000000084e00000,0x0000000084e0c000,0x000000008a100000)
 Metaspace       used 12656K, capacity 12934K, committed 13056K, reserved 1060864K
  class space    used 1447K, capacity 1526K, committed 1536K, reserved 1048576K
}
Event: 7.223 GC heap before
{Heap before GC invocations=7 (full 0):
 PSYoungGen      total 131584K, used 129104K [0x00000000d6f80000, 0x00000000df480000, 0x0000000100000000)
  eden space 126976K, 100% used [0x00000000d6f80000,0x00000000deb80000,0x00000000deb80000)
  from space 4608K, 46% used [0x00000000df000000,0x00000000df214030,0x00000000df480000)
  to   space 4608K, 0% used [0x00000000deb80000,0x00000000deb80000,0x00000000df000000)
 ParOldGen       total 84992K, used 48K [0x0000000084e00000, 0x000000008a100000, 0x00000000d6f80000)
  object space 84992K, 0% used [0x0000000084e00000,0x0000000084e0c000,0x000000008a100000)
 Metaspace       used 12658K, capacity 12934K, committed 13056K, reserved 1060864K
  class space    used 1447K, capacity 1526K, committed 1536K, reserved 1048576K
Event: 7.225 GC heap after
Heap after GC invocations=7 (full 0):
 PSYoungGen      total 131584K, used 224K [0x00000000d6f80000, 0x00000000e7080000, 0x0000000100000000)
  eden space 126976K, 0% used [0x00000000d6f80000,0x00000000d6f80000,0x00000000deb80000)
  from space 4608K, 4% used [0x00000000deb80000,0x00000000debb8000,0x00000000df000000)
  to   space 4608K, 0% used [0x00000000e6c00000,0x00000000e6c00000,0x00000000e7080000)
 ParOldGen       total 84992K, used 2080K [0x0000000084e00000, 0x000000008a100000, 0x00000000d6f80000)
  object space 84992K, 2% used [0x0000000084e00000,0x00000000850080c0,0x000000008a100000)
 Metaspace       used 12658K, capacity 12934K, committed 13056K, reserved 1060864K
  class space    used 1447K, capacity 1526K, committed 1536K, reserved 1048576K
}
Event: 7.421 GC heap before
{Heap before GC invocations=8 (full 0):
 PSYoungGen      total 131584K, used 127200K [0x00000000d6f80000, 0x00000000e7080000, 0x0000000100000000)
  eden space 126976K, 100% used [0x00000000d6f80000,0x00000000deb80000,0x00000000deb80000)
  from space 4608K, 4% used [0x00000000deb80000,0x00000000debb8000,0x00000000df000000)
  to   space 4608K, 0% used [0x00000000e6c00000,0x00000000e6c00000,0x00000000e7080000)
 ParOldGen       total 84992K, used 2080K [0x0000000084e00000, 0x000000008a100000, 0x00000000d6f80000)
  object space 84992K, 2% used [0x0000000084e00000,0x00000000850080c0,0x000000008a100000)
 Metaspace       used 12662K, capacity 12934K, committed 13056K, reserved 1060864K
  class space    used 1447K, capacity 1526K, committed 1536K, reserved 1048576K
Event: 7.422 GC heap after
Heap after GC invocations=8 (full 0):
 PSYoungGen      total 258048K, used 224K [0x00000000d6f80000, 0x00000000e7180000, 0x0000000100000000)
  eden space 253440K, 0% used [0x00000000d6f80000,0x00000000d6f80000,0x00000000e6700000)
  from space 4608K, 4% used [0x00000000e6c00000,0x00000000e6c38000,0x00000000e7080000)
  to   space 5120K, 0% used [0x00000000e6700000,0x00000000e6700000,0x00000000e6c00000)
 ParOldGen       total 84992K, used 2136K [0x0000000084e00000, 0x000000008a100000, 0x00000000d6f80000)
  object space 84992K, 2% used [0x0000000084e00000,0x00000000850160c0,0x000000008a100000)
 Metaspace       used 12662K, capacity 12934K, committed 13056K, reserved 1060864K
  class space    used 1447K, capacity 1526K, committed 1536K, reserved 1048576K
}
Event: 7.822 GC heap before
{Heap before GC invocations=9 (full 0):
 PSYoungGen      total 258048K, used 253664K [0x00000000d6f80000, 0x00000000e7180000, 0x0000000100000000)
  eden space 253440K, 100% used [0x00000000d6f80000,0x00000000e6700000,0x00000000e6700000)
  from space 4608K, 4% used [0x00000000e6c00000,0x00000000e6c38000,0x00000000e7080000)
  to   space 5120K, 0% used [0x00000000e6700000,0x00000000e6700000,0x00000000e6c00000)
 ParOldGen       total 84992K, used 2136K [0x0000000084e00000, 0x000000008a100000, 0x00000000d6f80000)
  object space 84992K, 2% used [0x0000000084e00000,0x00000000850160c0,0x000000008a100000)
 Metaspace       used 12665K, capacity 12934K, committed 13056K, reserved 1060864K
  class space    used 1447K, capacity 1526K, committed 1536K, reserved 1048576K
Event: 7.824 GC heap after
Heap after GC invocations=9 (full 0):
 PSYoungGen      total 258560K, used 128K [0x00000000d6f80000, 0x00000000f0580000, 0x0000000100000000)
  eden space 253440K, 0% used [0x00000000d6f80000,0x00000000d6f80000,0x00000000e6700000)
  from space 5120K, 2% used [0x00000000e6700000,0x00000000e6720000,0x00000000e6c00000)
  to   space 5120K, 0% used [0x00000000f0080000,0x00000000f0080000,0x00000000f0580000)
 ParOldGen       total 84992K, used 2192K [0x0000000084e00000, 0x000000008a100000, 0x00000000d6f80000)
  object space 84992K, 2% used [0x0000000084e00000,0x00000000850240c0,0x000000008a100000)
 Metaspace       used 12665K, capacity 12934K, committed 13056K, reserved 1060864K
  class space    used 1447K, capacity 1526K, committed 1536K, reserved 1048576K
}
Event: 8.213 GC heap before
{Heap before GC invocations=10 (full 0):
 PSYoungGen      total 258560K, used 253568K [0x00000000d6f80000, 0x00000000f0580000, 0x0000000100000000)
  eden space 253440K, 100% used [0x00000000d6f80000,0x00000000e6700000,0x00000000e6700000)
  from space 5120K, 2% used [0x00000000e6700000,0x00000000e6720000,0x00000000e6c00000)
  to   space 5120K, 0% used [0x00000000f0080000,0x00000000f0080000,0x00000000f0580000)
 ParOldGen       total 84992K, used 2192K [0x0000000084e00000, 0x000000008a100000, 0x00000000d6f80000)
  object space 84992K, 2% used [0x0000000084e00000,0x00000000850240c0,0x000000008a100000)
 Metaspace       used 12667K, capacity 12934K, committed 13056K, reserved 1060864K
  class space    used 1447K, capacity 1526K, committed 1536K, reserved 1048576K
Event: 8.214 GC heap after
Heap after GC invocations=10 (full 0):
 PSYoungGen      total 410624K, used 128K [0x00000000d6f80000, 0x00000000f0580000, 0x0000000100000000)
  eden space 405504K, 0% used [0x00000000d6f80000,0x00000000d6f80000,0x00000000efb80000)
  from space 5120K, 2% used [0x00000000f0080000,0x00000000f00a0000,0x00000000f0580000)
  to   space 5120K, 0% used [0x00000000efb80000,0x00000000efb80000,0x00000000f0080000)
 ParOldGen       total 84992K, used 2192K [0x0000000084e00000, 0x000000008a100000, 0x00000000d6f80000)
  object space 84992K, 2% used [0x0000000084e00000,0x00000000850240c0,0x000000008a100000)
 Metaspace       used 12667K, capacity 12934K, committed 13056K, reserved 1060864K
  class space    used 1447K, capacity 1526K, committed 1536K, reserved 1048576K
}
Event: 8.861 GC heap before
{Heap before GC invocations=11 (full 0):
 PSYoungGen      total 410624K, used 405632K [0x00000000d6f80000, 0x00000000f0580000, 0x0000000100000000)
  eden space 405504K, 100% used [0x00000000d6f80000,0x00000000efb80000,0x00000000efb80000)
  from space 5120K, 2% used [0x00000000f0080000,0x00000000f00a0000,0x00000000f0580000)
  to   space 5120K, 0% used [0x00000000efb80000,0x00000000efb80000,0x00000000f0080000)
 ParOldGen       total 84992K, used 2192K [0x0000000084e00000, 0x000000008a100000, 0x00000000d6f80000)
  object space 84992K, 2% used [0x0000000084e00000,0x00000000850240c0,0x000000008a100000)
 Metaspace       used 12673K, capacity 12934K, committed 13056K, reserved 1060864K
  class space    used 1447K, capacity 1526K, committed 1536K, reserved 1048576K

